<?xml version="1.0" encoding="UTF-8"?>
<testsuite xmlns:xsi="http://www.w3.org/2001/XMLSchema-instance" xsi:noNamespaceSchemaLocation="https://maven.apache.org/surefire/maven-surefire-plugin/xsd/surefire-test-report-3.0.xsd" version="3.0" name="br.com.sigla.reporting.danfe.DanfeReportServiceTest" time="0.125" tests="1" errors="0" skipped="0" failures="0">
  <properties>
[...]
</properties>
  <testcase name="shouldGenerateDanfePayload" classname="br.com.sigla.reporting.danfe.DanfeReportServiceTest" time="0.101"/>
</testsuite>